<?xml version="1.0" encoding="UTF-8"?>
<!-- Generated by org.testng.reporters.JUnitXMLReporter -->
<testsuite hostname="DESKTOP-32VMDLN" ignored="0" name="Test1" tests="1" failures="1" timestamp="2020-04-29T19:20:20 IST" time="25.452" errors="0">
  <testcase name="testcreateCustomer_TC001" time="0.021" classname="com.ActiTime_Customer_scripts.createCustomer_TC001">
    <failure type="java.lang.NullPointerException">
      <![CDATA[java.lang.NullPointerException
at com.ActiTime_utilities.frameWorkListener.onTestStart(frameWorkListener.java:52)
at java.util.ArrayList.forEach(ArrayList.java:1249)
... Removed 24 stack frames]]>
    </failure>
  </testcase> <!-- testcreateCustomer_TC001 -->
</testsuite> <!-- Test1 -->
