<?xml version="1.0" encoding="UTF-8"?>
<!-- Generated by org.testng.reporters.JUnitXMLReporter -->
<testsuite hostname="DESKTOP-32VMDLN" ignored="0" name="Test" tests="1" failures="1" timestamp="2020-04-27T17:24:58 IST" time="48.856" errors="0">
  <testcase name="testcreateCustomer_TC001" time="0.011" classname="com.ActiTime_Customer_scripts.createCustomer_TC001">
    <failure type="java.lang.NullPointerException">
      <![CDATA[java.lang.NullPointerException
at com.ActiTime_utilities.frameWorkListener.onTestStart(frameWorkListener.java:52)
at java.util.ArrayList.forEach(ArrayList.java:1249)
... Removed 28 stack frames]]>
    </failure>
  </testcase> <!-- testcreateCustomer_TC001 -->
</testsuite> <!-- Test -->
